<?xml version="1.0" encoding="UTF-8"?>
<!-- Generated by org.testng.reporters.JUnitReportReporter -->
<testsuite hostname="Srinivas" name="test.SearchAutomation" tests="1" failures="0" timestamp="27 Oct 2015 08:57:16 GMT" time="78.392" errors="0">
  <testcase name="searchItem" time="78.392" classname="test.SearchAutomation"/>
</testsuite> <!-- test.SearchAutomation -->
